rocco@Roccos-Air paxos-python % 10 IS THE LEADER
LEADER CONSENSUS: 10,True

================================
LEADER CONSENSUS: 0,False
LEADER CONSENSUS: 2,False
LEADER CONSENSUS: 5,False
LEADER CONSENSUS: 9,False
LEADER CONSENSUS: 1,False
LEADER CONSENSUS: 3,False
LEADER CONSENSUS: 6,False
LEADER CONSENSUS: 7,False
LEADER CONSENSUS: 4,False
LEADER CONSENSUS: 8,False
Running 0 as a PROPOSER
Running 1 as a PROPOSER
Running 2 as a PROPOSER
Running 3 as a PROPOSER
Running 4 as a PROPOSER
Running 5 as a ACCEPTOR
Running 6 as a ACCEPTOR
Running 7 as a ACCEPTOR
Running 8 as a ACCEPTOR
Running 9 as a ACCEPTOR
NOTIFYING CLIENT NODE TO BEGIN PROPOSALS
Running 10 as a LEARNER
Chosen proposer idx: 1
Chosen proposer idx: 2
Chosen proposer idx: 3
Chosen proposer idx: 4
Chosen proposer idx: 0
Chosen proposer idx: 1
Chosen proposer idx: 2
Chosen proposer idx: 3
Forwarded value received by PROPOSER (ID 2): 56. Beginning Phase 1.1 at seq 2...

Forwarded value received by PROPOSER (ID 1): 55. Beginning Phase 1.1 at seq 1...

An ACCEPTOR (ID 5) received 56 @ seq 2
SENDING (n,v,_) ACK
An ACCEPTOR (ID 7) received 56 @ seq 2
SENDING (n,v,_) ACK
Ack received at PROPOSER 2: (2, 56, '_') with acceptances list []
An ACCEPTOR (ID 5) received 55 @ seq 1
An ACCEPTOR (ID 8) received 56 @ seq 2
SENDING (n,v,_) ACK
An ACCEPTOR (ID 8) received 55 @ seq 1
An ACCEPTOR (ID 7) received 55 @ seq 1
Forwarded value received by PROPOSER (ID 3): 57. Beginning Phase 1.1 at seq 3...

An ACCEPTOR (ID 9) received 55 @ seq 1
SENDING (n,v,_) ACK
An ACCEPTOR (ID 9) received 56 @ seq 2
SENDING (n,v,_) ACK
Ack received at PROPOSER 2: (2, 56, '_') with acceptances list []
Ack received at PROPOSER 2: (2, 56, '_') with acceptances list []
MAJORITY ACHIEVED BY PROPOSER - SENDING ACCEPT REQUEST TO ALL ACCEPTORS
Ack received at PROPOSER 2: (2, 56, '_') with acceptances list []
MAJORITY ACHIEVED BY PROPOSER - SENDING ACCEPT REQUEST TO ALL ACCEPTORS
An ACCEPTOR (ID 7) received 57 @ seq 3
SENDING (n,v,_) ACK
An ACCEPTOR (ID 8) received 57 @ seq 3
SENDING (n,v,_) ACK
Accept request received by a ACCEPTOR (ID 8): {'HEADER': 'ACCEPT', 'MESSAGE': (56, 2), 'RECIPIENT': 'localhost', 'PORT': 10008, 'SENDERID': 2}
Accept request rejected ACCEPTOR (ID 8): {'HEADER': 'ACCEPT', 'MESSAGE': (56, 2), 'RECIPIENT': 'localhost', 'PORT': 10008, 'SENDERID': 2}
Accept request received by a ACCEPTOR (ID 8): {'HEADER': 'ACCEPT', 'MESSAGE': (56, 2), 'RECIPIENT': 'localhost', 'PORT': 10008, 'SENDERID': 2}
Accept request rejected ACCEPTOR (ID 8): {'HEADER': 'ACCEPT', 'MESSAGE': (56, 2), 'RECIPIENT': 'localhost', 'PORT': 10008, 'SENDERID': 2}
Accept request received by a ACCEPTOR (ID 7): {'HEADER': 'ACCEPT', 'MESSAGE': (56, 2), 'RECIPIENT': 'localhost', 'PORT': 10007, 'SENDERID': 2}
Accept request rejected ACCEPTOR (ID 7): {'HEADER': 'ACCEPT', 'MESSAGE': (56, 2), 'RECIPIENT': 'localhost', 'PORT': 10007, 'SENDERID': 2}
Accept request received by a ACCEPTOR (ID 7): {'HEADER': 'ACCEPT', 'MESSAGE': (56, 2), 'RECIPIENT': 'localhost', 'PORT': 10007, 'SENDERID': 2}
Accept request rejected ACCEPTOR (ID 7): {'HEADER': 'ACCEPT', 'MESSAGE': (56, 2), 'RECIPIENT': 'localhost', 'PORT': 10007, 'SENDERID': 2}
Accept request received by a ACCEPTOR (ID 9): {'HEADER': 'ACCEPT', 'MESSAGE': (56, 2), 'RECIPIENT': 'localhost', 'PORT': 10009, 'SENDERID': 2}
An ACCEPTOR (ID 6) received 56 @ seq 2
SENDING (n,v,_) ACK
Ack received at PROPOSER 1: (1, 55, '_') with acceptances list []
An ACCEPTOR (ID 6) received 55 @ seq 1
Proposer received notice of accepted value: (ID 4) received {'HEADER': 'ACCEPT-VALUE', 'MESSAGE': (56, 2), 'RECIPIENT': 'localhost', 'PORT': 10004, 'SENDERID': 9}
Forwarded value received by PROPOSER (ID 4): 57. Beginning Phase 1.1 at seq 4...

(56, 2) HAS BEEN ACCEPTED
An ACCEPTOR (ID 9) received 57 @ seq 3
SENDING (n,v,_) ACK
Accept request received by a ACCEPTOR (ID 9): {'HEADER': 'ACCEPT', 'MESSAGE': (56, 2), 'RECIPIENT': 'localhost', 'PORT': 10009, 'SENDERID': 2}
Accept request rejected ACCEPTOR (ID 9): {'HEADER': 'ACCEPT', 'MESSAGE': (56, 2), 'RECIPIENT': 'localhost', 'PORT': 10009, 'SENDERID': 2}
An ACCEPTOR (ID 6) received 57 @ seq 3
SENDING (n,v,_) ACK
Accept request received by a ACCEPTOR (ID 6): {'HEADER': 'ACCEPT', 'MESSAGE': (56, 2), 'RECIPIENT': 'localhost', 'PORT': 10006, 'SENDERID': 2}
Accept request rejected ACCEPTOR (ID 6): {'HEADER': 'ACCEPT', 'MESSAGE': (56, 2), 'RECIPIENT': 'localhost', 'PORT': 10006, 'SENDERID': 2}
Accept request received by a ACCEPTOR (ID 6): {'HEADER': 'ACCEPT', 'MESSAGE': (56, 2), 'RECIPIENT': 'localhost', 'PORT': 10006, 'SENDERID': 2}
Accept request rejected ACCEPTOR (ID 6): {'HEADER': 'ACCEPT', 'MESSAGE': (56, 2), 'RECIPIENT': 'localhost', 'PORT': 10006, 'SENDERID': 2}
Proposer received notice of accepted value: (ID 3) received {'HEADER': 'ACCEPT-VALUE', 'MESSAGE': (56, 2), 'RECIPIENT': 'localhost', 'PORT': 10003, 'SENDERID': 9}
Ack received at PROPOSER 3: (3, 57, '_') with acceptances list [(56, 2)]
Ack received at PROPOSER 3: (3, 57, '_') with acceptances list [(56, 2)]
Ack received at PROPOSER 3: (3, 57, '_') with acceptances list [(56, 2)]
MAJORITY ACHIEVED BY PROPOSER - SENDING ACCEPT REQUEST TO ALL ACCEPTORS
PROPOSAL OVERRULED BY ALREADY ACCEPTED MESSAGE (56, 2)
Ack received at PROPOSER 3: (3, 57, '_') with acceptances list [(56, 2)]
MAJORITY ACHIEVED BY PROPOSER - SENDING ACCEPT REQUEST TO ALL ACCEPTORS
PROPOSAL OVERRULED BY ALREADY ACCEPTED MESSAGE (56, 2)
Proposer received notice of accepted value: (ID 2) received {'HEADER': 'ACCEPT-VALUE', 'MESSAGE': (56, 2), 'RECIPIENT': 'localhost', 'PORT': 10002, 'SENDERID': 9}
Ack received at PROPOSER 2: (2, 56, '_') with acceptances list [(56, 2)]
MAJORITY ACHIEVED BY PROPOSER - SENDING ACCEPT REQUEST TO ALL ACCEPTORS
PROPOSAL OVERRULED BY ALREADY ACCEPTED MESSAGE (56, 2)
An ACCEPTOR (ID 5) received 57 @ seq 3
SENDING (n,v,_) ACK
Proposer received notice of accepted value: (ID 1) received {'HEADER': 'ACCEPT-VALUE', 'MESSAGE': (56, 2), 'RECIPIENT': 'localhost', 'PORT': 10001, 'SENDERID': 9}
Forwarded value received by PROPOSER (ID 2): 232. Beginning Phase 1.1 at seq 21...

Accept request received by a ACCEPTOR (ID 6): {'HEADER': 'ACCEPT', 'MESSAGE': (56, 2), 'RECIPIENT': 'localhost', 'PORT': 10006, 'SENDERID': 3}
Accept request rejected ACCEPTOR (ID 6): {'HEADER': 'ACCEPT', 'MESSAGE': (56, 2), 'RECIPIENT': 'localhost', 'PORT': 10006, 'SENDERID': 3}
Accept request received by a ACCEPTOR (ID 6): {'HEADER': 'ACCEPT', 'MESSAGE': (56, 2), 'RECIPIENT': 'localhost', 'PORT': 10006, 'SENDERID': 3}
Accept request rejected ACCEPTOR (ID 6): {'HEADER': 'ACCEPT', 'MESSAGE': (56, 2), 'RECIPIENT': 'localhost', 'PORT': 10006, 'SENDERID': 3}
Accept request received by a ACCEPTOR (ID 6): {'HEADER': 'ACCEPT', 'MESSAGE': (56, 2), 'RECIPIENT': 'localhost', 'PORT': 10006, 'SENDERID': 2}
Accept request rejected ACCEPTOR (ID 6): {'HEADER': 'ACCEPT', 'MESSAGE': (56, 2), 'RECIPIENT': 'localhost', 'PORT': 10006, 'SENDERID': 2}
An ACCEPTOR (ID 6) received 232 @ seq 21
SENDING (n,v,_) ACK
Proposer received notice of accepted value: (ID 0) received {'HEADER': 'ACCEPT-VALUE', 'MESSAGE': (56, 2), 'RECIPIENT': 'localhost', 'PORT': 10000, 'SENDERID': 9}
Accept request received by a ACCEPTOR (ID 5): {'HEADER': 'ACCEPT', 'MESSAGE': (56, 2), 'RECIPIENT': 'localhost', 'PORT': 10005, 'SENDERID': 2}
Accept request rejected ACCEPTOR (ID 5): {'HEADER': 'ACCEPT', 'MESSAGE': (56, 2), 'RECIPIENT': 'localhost', 'PORT': 10005, 'SENDERID': 2}
Accept request received by a ACCEPTOR (ID 5): {'HEADER': 'ACCEPT', 'MESSAGE': (56, 2), 'RECIPIENT': 'localhost', 'PORT': 10005, 'SENDERID': 2}
Accept request rejected ACCEPTOR (ID 5): {'HEADER': 'ACCEPT', 'MESSAGE': (56, 2), 'RECIPIENT': 'localhost', 'PORT': 10005, 'SENDERID': 2}
Accept request received by a ACCEPTOR (ID 5): {'HEADER': 'ACCEPT', 'MESSAGE': (56, 2), 'RECIPIENT': 'localhost', 'PORT': 10005, 'SENDERID': 3}
Accept request rejected ACCEPTOR (ID 5): {'HEADER': 'ACCEPT', 'MESSAGE': (56, 2), 'RECIPIENT': 'localhost', 'PORT': 10005, 'SENDERID': 3}
Accept request received by a ACCEPTOR (ID 5): {'HEADER': 'ACCEPT', 'MESSAGE': (56, 2), 'RECIPIENT': 'localhost', 'PORT': 10005, 'SENDERID': 3}
Accept request rejected ACCEPTOR (ID 5): {'HEADER': 'ACCEPT', 'MESSAGE': (56, 2), 'RECIPIENT': 'localhost', 'PORT': 10005, 'SENDERID': 3}
Accept request received by a ACCEPTOR (ID 5): {'HEADER': 'ACCEPT', 'MESSAGE': (56, 2), 'RECIPIENT': 'localhost', 'PORT': 10005, 'SENDERID': 2}
Accept request rejected ACCEPTOR (ID 5): {'HEADER': 'ACCEPT', 'MESSAGE': (56, 2), 'RECIPIENT': 'localhost', 'PORT': 10005, 'SENDERID': 2}
An ACCEPTOR (ID 5) received 232 @ seq 21
SENDING (n,v,_) ACK
An ACCEPTOR (ID 5) received 57 @ seq 4
Accept request received by a ACCEPTOR (ID 8): {'HEADER': 'ACCEPT', 'MESSAGE': (56, 2), 'RECIPIENT': 'localhost', 'PORT': 10008, 'SENDERID': 3}
Accept request rejected ACCEPTOR (ID 8): {'HEADER': 'ACCEPT', 'MESSAGE': (56, 2), 'RECIPIENT': 'localhost', 'PORT': 10008, 'SENDERID': 3}
Accept request received by a ACCEPTOR (ID 8): {'HEADER': 'ACCEPT', 'MESSAGE': (56, 2), 'RECIPIENT': 'localhost', 'PORT': 10008, 'SENDERID': 3}
Accept request rejected ACCEPTOR (ID 8): {'HEADER': 'ACCEPT', 'MESSAGE': (56, 2), 'RECIPIENT': 'localhost', 'PORT': 10008, 'SENDERID': 3}
Accept request received by a ACCEPTOR (ID 8): {'HEADER': 'ACCEPT', 'MESSAGE': (56, 2), 'RECIPIENT': 'localhost', 'PORT': 10008, 'SENDERID': 2}
Accept request rejected ACCEPTOR (ID 8): {'HEADER': 'ACCEPT', 'MESSAGE': (56, 2), 'RECIPIENT': 'localhost', 'PORT': 10008, 'SENDERID': 2}
An ACCEPTOR (ID 8) received 232 @ seq 21
SENDING (n,v,_) ACK
Forwarded value received by PROPOSER (ID 0): 230. Beginning Phase 1.1 at seq 0...

Forwarded value received by PROPOSER (ID 3): 233. Beginning Phase 1.1 at seq 22...

Accept request received by a ACCEPTOR (ID 9): {'HEADER': 'ACCEPT', 'MESSAGE': (56, 2), 'RECIPIENT': 'localhost', 'PORT': 10009, 'SENDERID': 3}
Accept request rejected ACCEPTOR (ID 9): {'HEADER': 'ACCEPT', 'MESSAGE': (56, 2), 'RECIPIENT': 'localhost', 'PORT': 10009, 'SENDERID': 3}
Accept request received by a ACCEPTOR (ID 9): {'HEADER': 'ACCEPT', 'MESSAGE': (56, 2), 'RECIPIENT': 'localhost', 'PORT': 10009, 'SENDERID': 3}
Accept request rejected ACCEPTOR (ID 9): {'HEADER': 'ACCEPT', 'MESSAGE': (56, 2), 'RECIPIENT': 'localhost', 'PORT': 10009, 'SENDERID': 3}
Accept request received by a ACCEPTOR (ID 9): {'HEADER': 'ACCEPT', 'MESSAGE': (56, 2), 'RECIPIENT': 'localhost', 'PORT': 10009, 'SENDERID': 2}
Accept request rejected ACCEPTOR (ID 9): {'HEADER': 'ACCEPT', 'MESSAGE': (56, 2), 'RECIPIENT': 'localhost', 'PORT': 10009, 'SENDERID': 2}
An ACCEPTOR (ID 9) received 232 @ seq 21
SENDING (n,v,_) ACK
Ack received at PROPOSER 2: (21, 232, '_') with acceptances list [(56, 2)]
Accepted value received: (56, 2)
Forwarded value received by PROPOSER (ID 1): 231. Beginning Phase 1.1 at seq 20...

Ack received at PROPOSER 2: (21, 232, '_') with acceptances list [(56, 2)]
Ack received at PROPOSER 2: (21, 232, '_') with acceptances list [(56, 2)]
MAJORITY ACHIEVED BY PROPOSER - SENDING ACCEPT REQUEST TO ALL ACCEPTORS
PROPOSAL OVERRULED BY ALREADY ACCEPTED MESSAGE (56, 2)
Acceptances and minimum majority: 1 3
Accept request received by a ACCEPTOR (ID 7): {'HEADER': 'ACCEPT', 'MESSAGE': (56, 2), 'RECIPIENT': 'localhost', 'PORT': 10007, 'SENDERID': 3}
Accept request rejected ACCEPTOR (ID 7): {'HEADER': 'ACCEPT', 'MESSAGE': (56, 2), 'RECIPIENT': 'localhost', 'PORT': 10007, 'SENDERID': 3}
Accept request received by a ACCEPTOR (ID 7): {'HEADER': 'ACCEPT', 'MESSAGE': (56, 2), 'RECIPIENT': 'localhost', 'PORT': 10007, 'SENDERID': 3}
Accept request rejected ACCEPTOR (ID 7): {'HEADER': 'ACCEPT', 'MESSAGE': (56, 2), 'RECIPIENT': 'localhost', 'PORT': 10007, 'SENDERID': 3}
Ack received at PROPOSER 3: (3, 57, '_') with acceptances list [(56, 2)]
Accept request received by a ACCEPTOR (ID 7): {'HEADER': 'ACCEPT', 'MESSAGE': (56, 2), 'RECIPIENT': 'localhost', 'PORT': 10007, 'SENDERID': 2}
Accept request rejected ACCEPTOR (ID 7): {'HEADER': 'ACCEPT', 'MESSAGE': (56, 2), 'RECIPIENT': 'localhost', 'PORT': 10007, 'SENDERID': 2}
An ACCEPTOR (ID 7) received 232 @ seq 21
SENDING (n,v,_) ACK
MAJORITY ACHIEVED BY PROPOSER - SENDING ACCEPT REQUEST TO ALL ACCEPTORS
PROPOSAL OVERRULED BY ALREADY ACCEPTED MESSAGE (56, 2)
Ack received at PROPOSER 2: (21, 232, '_') with acceptances list [(56, 2)]
MAJORITY ACHIEVED BY PROPOSER - SENDING ACCEPT REQUEST TO ALL ACCEPTORS
PROPOSAL OVERRULED BY ALREADY ACCEPTED MESSAGE (56, 2)
An ACCEPTOR (ID 7) received 233 @ seq 22
SENDING (n,v,_) ACK
An ACCEPTOR (ID 5) received 233 @ seq 22
SENDING (n,v,_) ACK
Accept request received by a ACCEPTOR (ID 7): {'HEADER': 'ACCEPT', 'MESSAGE': (56, 2), 'RECIPIENT': 'localhost', 'PORT': 10007, 'SENDERID': 2}
Accept request rejected ACCEPTOR (ID 7): {'HEADER': 'ACCEPT', 'MESSAGE': (56, 2), 'RECIPIENT': 'localhost', 'PORT': 10007, 'SENDERID': 2}
Accept request received by a ACCEPTOR (ID 7): {'HEADER': 'ACCEPT', 'MESSAGE': (56, 2), 'RECIPIENT': 'localhost', 'PORT': 10007, 'SENDERID': 3}
Accept request rejected ACCEPTOR (ID 7): {'HEADER': 'ACCEPT', 'MESSAGE': (56, 2), 'RECIPIENT': 'localhost', 'PORT': 10007, 'SENDERID': 3}
An ACCEPTOR (ID 7) received 57 @ seq 4
Accept request received by a ACCEPTOR (ID 5): {'HEADER': 'ACCEPT', 'MESSAGE': (56, 2), 'RECIPIENT': 'localhost', 'PORT': 10005, 'SENDERID': 2}
Accept request rejected ACCEPTOR (ID 5): {'HEADER': 'ACCEPT', 'MESSAGE': (56, 2), 'RECIPIENT': 'localhost', 'PORT': 10005, 'SENDERID': 2}
An ACCEPTOR (ID 5) received 230 @ seq 0
Accept request received by a ACCEPTOR (ID 5): {'HEADER': 'ACCEPT', 'MESSAGE': (56, 2), 'RECIPIENT': 'localhost', 'PORT': 10005, 'SENDERID': 3}
Accept request rejected ACCEPTOR (ID 5): {'HEADER': 'ACCEPT', 'MESSAGE': (56, 2), 'RECIPIENT': 'localhost', 'PORT': 10005, 'SENDERID': 3}
Accept request received by a ACCEPTOR (ID 5): {'HEADER': 'ACCEPT', 'MESSAGE': (56, 2), 'RECIPIENT': 'localhost', 'PORT': 10005, 'SENDERID': 2}
Accept request rejected ACCEPTOR (ID 5): {'HEADER': 'ACCEPT', 'MESSAGE': (56, 2), 'RECIPIENT': 'localhost', 'PORT': 10005, 'SENDERID': 2}
An ACCEPTOR (ID 5) received 231 @ seq 20
Accept request received by a ACCEPTOR (ID 7): {'HEADER': 'ACCEPT', 'MESSAGE': (56, 2), 'RECIPIENT': 'localhost', 'PORT': 10007, 'SENDERID': 2}
An ACCEPTOR (ID 6) received 233 @ seq 22
SENDING (n,v,_) ACK
Accept request rejected ACCEPTOR (ID 7): {'HEADER': 'ACCEPT', 'MESSAGE': (56, 2), 'RECIPIENT': 'localhost', 'PORT': 10007, 'SENDERID': 2}
An ACCEPTOR (ID 7) received 230 @ seq 0
An ACCEPTOR (ID 8) received 233 @ seq 22
SENDING (n,v,_) ACK
An ACCEPTOR (ID 9) received 233 @ seq 22
Accept request received by a ACCEPTOR (ID 8): {'HEADER': 'ACCEPT', 'MESSAGE': (56, 2), 'RECIPIENT': 'localhost', 'PORT': 10008, 'SENDERID': 2}
SENDING (n,v,_) ACK
Accept request rejected ACCEPTOR (ID 8): {'HEADER': 'ACCEPT', 'MESSAGE': (56, 2), 'RECIPIENT': 'localhost', 'PORT': 10008, 'SENDERID': 2}
Accept request received by a ACCEPTOR (ID 9): {'HEADER': 'ACCEPT', 'MESSAGE': (56, 2), 'RECIPIENT': 'localhost', 'PORT': 10009, 'SENDERID': 2}
Accept request rejected ACCEPTOR (ID 9): {'HEADER': 'ACCEPT', 'MESSAGE': (56, 2), 'RECIPIENT': 'localhost', 'PORT': 10009, 'SENDERID': 2}
Accept request received by a ACCEPTOR (ID 9): {'HEADER': 'ACCEPT', 'MESSAGE': (56, 2), 'RECIPIENT': 'localhost', 'PORT': 10009, 'SENDERID': 3}
Accept request rejected ACCEPTOR (ID 9): {'HEADER': 'ACCEPT', 'MESSAGE': (56, 2), 'RECIPIENT': 'localhost', 'PORT': 10009, 'SENDERID': 3}
Accept request received by a ACCEPTOR (ID 9): {'HEADER': 'ACCEPT', 'MESSAGE': (56, 2), 'RECIPIENT': 'localhost', 'PORT': 10009, 'SENDERID': 2}
Accept request received by a ACCEPTOR (ID 8): {'HEADER': 'ACCEPT', 'MESSAGE': (56, 2), 'RECIPIENT': 'localhost', 'PORT': 10008, 'SENDERID': 3}
Accept request rejected ACCEPTOR (ID 8): {'HEADER': 'ACCEPT', 'MESSAGE': (56, 2), 'RECIPIENT': 'localhost', 'PORT': 10008, 'SENDERID': 3}
Accept request rejected ACCEPTOR (ID 9): {'HEADER': 'ACCEPT', 'MESSAGE': (56, 2), 'RECIPIENT': 'localhost', 'PORT': 10009, 'SENDERID': 2}
Accept request received by a ACCEPTOR (ID 8): {'HEADER': 'ACCEPT', 'MESSAGE': (56, 2), 'RECIPIENT': 'localhost', 'PORT': 10008, 'SENDERID': 2}
An ACCEPTOR (ID 9) received 57 @ seq 4
Accept request rejected ACCEPTOR (ID 8): {'HEADER': 'ACCEPT', 'MESSAGE': (56, 2), 'RECIPIENT': 'localhost', 'PORT': 10008, 'SENDERID': 2}
An ACCEPTOR (ID 8) received 57 @ seq 4
An ACCEPTOR (ID 7) received 231 @ seq 20
An ACCEPTOR (ID 6) received 57 @ seq 4
Ack received at PROPOSER 2: (21, 232, '_') with acceptances list [(56, 2)]
MAJORITY ACHIEVED BY PROPOSER - SENDING ACCEPT REQUEST TO ALL ACCEPTORS
PROPOSAL OVERRULED BY ALREADY ACCEPTED MESSAGE (56, 2)
An ACCEPTOR (ID 8) received 230 @ seq 0
Ack received at PROPOSER 3: (22, 233, '_') with acceptances list [(56, 2)]
Ack received at PROPOSER 3: (22, 233, '_') with acceptances list [(56, 2)]
Ack received at PROPOSER 3: (22, 233, '_') with acceptances list [(56, 2)]
MAJORITY ACHIEVED BY PROPOSER - SENDING ACCEPT REQUEST TO ALL ACCEPTORS
PROPOSAL OVERRULED BY ALREADY ACCEPTED MESSAGE (56, 2)
Accept request received by a ACCEPTOR (ID 6): {'HEADER': 'ACCEPT', 'MESSAGE': (56, 2), 'RECIPIENT': 'localhost', 'PORT': 10006, 'SENDERID': 2}
Accept request rejected ACCEPTOR (ID 6): {'HEADER': 'ACCEPT', 'MESSAGE': (56, 2), 'RECIPIENT': 'localhost', 'PORT': 10006, 'SENDERID': 2}
Accept request received by a ACCEPTOR (ID 6): {'HEADER': 'ACCEPT', 'MESSAGE': (56, 2), 'RECIPIENT': 'localhost', 'PORT': 10006, 'SENDERID': 3}
Accept request rejected ACCEPTOR (ID 6): {'HEADER': 'ACCEPT', 'MESSAGE': (56, 2), 'RECIPIENT': 'localhost', 'PORT': 10006, 'SENDERID': 3}
Accept request received by a ACCEPTOR (ID 6): {'HEADER': 'ACCEPT', 'MESSAGE': (56, 2), 'RECIPIENT': 'localhost', 'PORT': 10006, 'SENDERID': 2}
Accept request rejected ACCEPTOR (ID 6): {'HEADER': 'ACCEPT', 'MESSAGE': (56, 2), 'RECIPIENT': 'localhost', 'PORT': 10006, 'SENDERID': 2}
An ACCEPTOR (ID 6) received 230 @ seq 0
An ACCEPTOR (ID 8) received 231 @ seq 20
An ACCEPTOR (ID 6) received 231 @ seq 20
Accept request received by a ACCEPTOR (ID 6): {'HEADER': 'ACCEPT', 'MESSAGE': (56, 2), 'RECIPIENT': 'localhost', 'PORT': 10006, 'SENDERID': 2}
Accept request rejected ACCEPTOR (ID 6): {'HEADER': 'ACCEPT', 'MESSAGE': (56, 2), 'RECIPIENT': 'localhost', 'PORT': 10006, 'SENDERID': 2}
Accept request received by a ACCEPTOR (ID 6): {'HEADER': 'ACCEPT', 'MESSAGE': (56, 2), 'RECIPIENT': 'localhost', 'PORT': 10006, 'SENDERID': 3}
Accept request rejected ACCEPTOR (ID 6): {'HEADER': 'ACCEPT', 'MESSAGE': (56, 2), 'RECIPIENT': 'localhost', 'PORT': 10006, 'SENDERID': 3}
Ack received at PROPOSER 3: (22, 233, '_') with acceptances list [(56, 2)]
MAJORITY ACHIEVED BY PROPOSER - SENDING ACCEPT REQUEST TO ALL ACCEPTORS
PROPOSAL OVERRULED BY ALREADY ACCEPTED MESSAGE (56, 2)
Ack received at PROPOSER 3: (22, 233, '_') with acceptances list [(56, 2)]
MAJORITY ACHIEVED BY PROPOSER - SENDING ACCEPT REQUEST TO ALL ACCEPTORS
PROPOSAL OVERRULED BY ALREADY ACCEPTED MESSAGE (56, 2)
Accept request received by a ACCEPTOR (ID 5): {'HEADER': 'ACCEPT', 'MESSAGE': (56, 2), 'RECIPIENT': 'localhost', 'PORT': 10005, 'SENDERID': 2}
Accept request rejected ACCEPTOR (ID 5): {'HEADER': 'ACCEPT', 'MESSAGE': (56, 2), 'RECIPIENT': 'localhost', 'PORT': 10005, 'SENDERID': 2}
Accept request received by a ACCEPTOR (ID 5): {'HEADER': 'ACCEPT', 'MESSAGE': (56, 2), 'RECIPIENT': 'localhost', 'PORT': 10005, 'SENDERID': 3}
Accept request rejected ACCEPTOR (ID 5): {'HEADER': 'ACCEPT', 'MESSAGE': (56, 2), 'RECIPIENT': 'localhost', 'PORT': 10005, 'SENDERID': 3}
Accept request received by a ACCEPTOR (ID 5): {'HEADER': 'ACCEPT', 'MESSAGE': (56, 2), 'RECIPIENT': 'localhost', 'PORT': 10005, 'SENDERID': 3}
Accept request rejected ACCEPTOR (ID 5): {'HEADER': 'ACCEPT', 'MESSAGE': (56, 2), 'RECIPIENT': 'localhost', 'PORT': 10005, 'SENDERID': 3}
Accept request received by a ACCEPTOR (ID 5): {'HEADER': 'ACCEPT', 'MESSAGE': (56, 2), 'RECIPIENT': 'localhost', 'PORT': 10005, 'SENDERID': 3}
Accept request rejected ACCEPTOR (ID 5): {'HEADER': 'ACCEPT', 'MESSAGE': (56, 2), 'RECIPIENT': 'localhost', 'PORT': 10005, 'SENDERID': 3}
An ACCEPTOR (ID 9) received 230 @ seq 0
An ACCEPTOR (ID 9) received 231 @ seq 20
Accept request received by a ACCEPTOR (ID 8): {'HEADER': 'ACCEPT', 'MESSAGE': (56, 2), 'RECIPIENT': 'localhost', 'PORT': 10008, 'SENDERID': 2}
Accept request rejected ACCEPTOR (ID 8): {'HEADER': 'ACCEPT', 'MESSAGE': (56, 2), 'RECIPIENT': 'localhost', 'PORT': 10008, 'SENDERID': 2}
Accept request received by a ACCEPTOR (ID 8): {'HEADER': 'ACCEPT', 'MESSAGE': (56, 2), 'RECIPIENT': 'localhost', 'PORT': 10008, 'SENDERID': 3}
Accept request rejected ACCEPTOR (ID 8): {'HEADER': 'ACCEPT', 'MESSAGE': (56, 2), 'RECIPIENT': 'localhost', 'PORT': 10008, 'SENDERID': 3}
Accept request received by a ACCEPTOR (ID 8): {'HEADER': 'ACCEPT', 'MESSAGE': (56, 2), 'RECIPIENT': 'localhost', 'PORT': 10008, 'SENDERID': 3}
Accept request rejected ACCEPTOR (ID 8): {'HEADER': 'ACCEPT', 'MESSAGE': (56, 2), 'RECIPIENT': 'localhost', 'PORT': 10008, 'SENDERID': 3}
Accept request received by a ACCEPTOR (ID 8): {'HEADER': 'ACCEPT', 'MESSAGE': (56, 2), 'RECIPIENT': 'localhost', 'PORT': 10008, 'SENDERID': 3}
Accept request rejected ACCEPTOR (ID 8): {'HEADER': 'ACCEPT', 'MESSAGE': (56, 2), 'RECIPIENT': 'localhost', 'PORT': 10008, 'SENDERID': 3}
Accept request received by a ACCEPTOR (ID 7): {'HEADER': 'ACCEPT', 'MESSAGE': (56, 2), 'RECIPIENT': 'localhost', 'PORT': 10007, 'SENDERID': 2}
Accept request rejected ACCEPTOR (ID 7): {'HEADER': 'ACCEPT', 'MESSAGE': (56, 2), 'RECIPIENT': 'localhost', 'PORT': 10007, 'SENDERID': 2}
Accept request received by a ACCEPTOR (ID 9): {'HEADER': 'ACCEPT', 'MESSAGE': (56, 2), 'RECIPIENT': 'localhost', 'PORT': 10009, 'SENDERID': 2}
Accept request received by a ACCEPTOR (ID 7): {'HEADER': 'ACCEPT', 'MESSAGE': (56, 2), 'RECIPIENT': 'localhost', 'PORT': 10007, 'SENDERID': 3}
Accept request rejected ACCEPTOR (ID 9): {'HEADER': 'ACCEPT', 'MESSAGE': (56, 2), 'RECIPIENT': 'localhost', 'PORT': 10009, 'SENDERID': 2}
Accept request received by a ACCEPTOR (ID 9): {'HEADER': 'ACCEPT', 'MESSAGE': (56, 2), 'RECIPIENT': 'localhost', 'PORT': 10009, 'SENDERID': 3}
Accept request rejected ACCEPTOR (ID 9): {'HEADER': 'ACCEPT', 'MESSAGE': (56, 2), 'RECIPIENT': 'localhost', 'PORT': 10009, 'SENDERID': 3}
Accept request received by a ACCEPTOR (ID 9): {'HEADER': 'ACCEPT', 'MESSAGE': (56, 2), 'RECIPIENT': 'localhost', 'PORT': 10009, 'SENDERID': 3}
Accept request rejected ACCEPTOR (ID 9): {'HEADER': 'ACCEPT', 'MESSAGE': (56, 2), 'RECIPIENT': 'localhost', 'PORT': 10009, 'SENDERID': 3}
Accept request received by a ACCEPTOR (ID 9): {'HEADER': 'ACCEPT', 'MESSAGE': (56, 2), 'RECIPIENT': 'localhost', 'PORT': 10009, 'SENDERID': 3}
Accept request rejected ACCEPTOR (ID 9): {'HEADER': 'ACCEPT', 'MESSAGE': (56, 2), 'RECIPIENT': 'localhost', 'PORT': 10009, 'SENDERID': 3}
Accept request rejected ACCEPTOR (ID 7): {'HEADER': 'ACCEPT', 'MESSAGE': (56, 2), 'RECIPIENT': 'localhost', 'PORT': 10007, 'SENDERID': 3}
Accept request received by a ACCEPTOR (ID 7): {'HEADER': 'ACCEPT', 'MESSAGE': (56, 2), 'RECIPIENT': 'localhost', 'PORT': 10007, 'SENDERID': 3}
Accept request rejected ACCEPTOR (ID 7): {'HEADER': 'ACCEPT', 'MESSAGE': (56, 2), 'RECIPIENT': 'localhost', 'PORT': 10007, 'SENDERID': 3}
Accept request received by a ACCEPTOR (ID 7): {'HEADER': 'ACCEPT', 'MESSAGE': (56, 2), 'RECIPIENT': 'localhost', 'PORT': 10007, 'SENDERID': 3}
Accept request rejected ACCEPTOR (ID 7): {'HEADER': 'ACCEPT', 'MESSAGE': (56, 2), 'RECIPIENT': 'localhost', 'PORT': 10007, 'SENDERID': 3}
Accept request received by a ACCEPTOR (ID 6): {'HEADER': 'ACCEPT', 'MESSAGE': (56, 2), 'RECIPIENT': 'localhost', 'PORT': 10006, 'SENDERID': 3}
Accept request rejected ACCEPTOR (ID 6): {'HEADER': 'ACCEPT', 'MESSAGE': (56, 2), 'RECIPIENT': 'localhost', 'PORT': 10006, 'SENDERID': 3}
Accept request received by a ACCEPTOR (ID 6): {'HEADER': 'ACCEPT', 'MESSAGE': (56, 2), 'RECIPIENT': 'localhost', 'PORT': 10006, 'SENDERID': 3}
Accept request rejected ACCEPTOR (ID 6): {'HEADER': 'ACCEPT', 'MESSAGE': (56, 2), 'RECIPIENT': 'localhost', 'PORT': 10006, 'SENDERID': 3}
rocco@Roccos-Air paxos-python % 